Unity Player [version: Unity 5.0.0f4_5b98b70ebeb9]

OculusPlugin.dll caused an Access Violation (0xc0000005)
  in module OculusPlugin.dll at 0023:66c01db0.

Error occurred at 2015-05-01_140100.
C:\UNITY\TDVR\TD VR.exe, run by Sneeuwpopsneeuw.
32% memory in use.
0 MB physical memory [0 MB free].
0 MB paging file [0 MB free].
0 MB user address space [3744 MB free].
Read from location 00000000 caused an access violation.

Context:
EDI:    0x0d1b4dd0  ESI: 0x00000000  EAX:   0x00000000
EBX:    0x09d45cae  ECX: 0x0d153a68  EDX:   0x00000000
EIP:    0x66c01db0  EBP: 0x0116ea0c  SegCs: 0x00000023
EFlags: 0x00010202  ESP: 0x0116e9a8  SegSs: 0x0000002b

Bytes at CS:EIP:
8b 00 89 41 08 c7 41 0c 08 00 00 00 c7 41 10 a0 

Stack:
0x0116e9a8: c535c8bc 014adddc 00000002 0d1b4dd0 ..5...J......M..
0x0116e9b8: 00000000 0d1c5730 00000001 00000001 ....0W..........
0x0116e9c8: 00000000 00000001 0000001c 00000000 ................
0x0116e9d8: 00000000 00000001 00000000 00000020 ............ ...
0x0116e9e8: 00000001 00000000 00000001 00000000 ................
0x0116e9f8: 00000002 c535c8bc 0116ea28 66c48e54 ......5.(...T..f
0x0116ea08: 00000000 0116ea34 66c02b0b 014adddc ....4....+.f..J.
0x0116ea18: c535c884 00000002 014adddc 0d1b4dd0 ..5.......J..M..
0x0116ea28: 0116f98c 66c48ebb 00000000 0116ea44 .......f....D...
0x0116ea38: 66c02beb 0fffffff 0116ea88 0116ea74 .+.f........t...
0x0116ea48: 00205d36 014adddc 00000002 00000000 6] ...J.........
0x0116ea58: 75ae980c 66c00000 66c00000 66c02bd0 ...u...f...f.+.f
0x0116ea68: 66c02cc0 00000000 0347bf50 0116ea94 .,.f....P.G.....
0x0116ea78: 00205d78 66c00000 0116ea88 034d4498 x] ....f.....DM.
0x0116ea88: 66c02bd0 66c02cc0 00000000 0116eb24 .+.f.,.f....$...
0x0116ea98: 00206206 10160809 09d45caf 09d45cae .b ......\...\..
0x0116eaa8: 6c756300 6c507375 6e696775 00000000 .culusPlugin....
0x0116eab8: 00000000 0000000f 00000006 00000000 ................
0x0116eac8: 00000000 00000030 10001e35 00000000 ....0...5.......
0x0116ead8: 0000000f 00000001 034eba00 00000000 ..........N.....
0x0116eae8: 09d45cae 0116eb04 00000000 0000000f .\..............
0x0116eaf8: 10039618 6c75634f 6c507375 6e696775 ....OculusPlugin
0x0116eb08: 10039600 0000000c 0000000f 00000040 ............@...
0x0116eb18: 034d4470 0347fe01 0347fee0 0116eb80 pDM...G...G.....
0x0116eb28: 10039932 09d45cae 101e8020 09fd3ec8 2....\.. ....>..
0x0116eb38: 09fd3ea8 10001e20 09fd3ea8 101e8020 .>.. ....>.. ...
0x0116eb48: 0116eba0 0116eba8 09fd3ea8 09fd3ec0 .........>...>..
0x0116eb58: 09d47500 0116eb64 00000000 00000000 .u..d...........
0x0116eb68: 09d45cae 00000200 000001a1 00005938 .\..........8Y..
0x0116eb78: 00000001 b0bbf6b8 0116ebbc 10048437 ............7...
0x0116eb88: 09fd3ea8 0116eba0 0116eba8 09faf610 .>..............
0x0116eb98: 09fd3ea8 00000000 00000000 1003875f .>.........._...
0x0116eba8: 00000000 00000001 09fd3ea8 09f90a10 .........>......
0x0116ebb8: 09d5ec5e 0116ef08 100cf81e 09fd3ec8 ^............>..
0x0116ebc8: 00000001 00000000 100cbf9b 00000000 ................
0x0116ebd8: 09fe3490 09faf610 0116ec6c 09faa070 .4......l...p...
0x0116ebe8: 043e00c0 00000080 043e0288 0000000d ..>.......>.....
0x0116ebf8: 043e0000 00000039 0a041378 00000002 ..>.9...x.......
0x0116ec08: 043e0284 000001b0 00000000 00000010 ..>.............
0x0116ec18: 00000000 774b2576 d7ff2ee5 09faa068 ....v%Kw....h...
0x0116ec28: 043e0000 09faa070 01fd3e78 045bc198 ..>.p...x>....[.
0x0116ec38: 0a04137c 00000036 03000003 00000000 |...6...........
0x0116ec48: 02000002 00000039 09faa068 00000001 ....9...h.......
0x0116ec58: 00000001 0000000a 09faa068 09faa070 ........h...p...
0x0116ec68: 00000000 00000000 00000000 09fedfc0 ................
0x0116ec78: 09fd3c00 0011089f 53000053 045cc010 .<......S..S..\.
0x0116ec88: 00000000 00000000 00000000 00000080 ................
0x0116ec98: 00000000 09fee130 045cc010 00000000 ....0.....\.....
0x0116eca8: 00000053 fffffffe 0116ed44 09fd3ea8 S.......D....>..
0x0116ecb8: 0116ebd0 09fedf80 00000000 00000000 ................
0x0116ecc8: 09fee060 00000000 00000039 00000000 `.......9.......
0x0116ecd8: 09fa0000 03000003 043e0200 00000039 ..........>.9...
0x0116ece8: 00000003 00000039 012a08fc 00000039 ....9.....*.9...
0x0116ecf8: 043e0260 043e0260 01588430 09fee1d0 `.>.`.>.0.X.....
0x0116ed08: 0a04f0a0 04588430 0116f98c 775074a0 ....0.X......tPw
0x0116ed18: a1a2dced 00000000 00000000 774b1eaa ..............Kw
0x0116ed28: 00000000 09faa070 09faa080 04512688 ....p........&Q.
0x0116ed38: 09f629e8 00000006 00000064 09f629e8 .)......d....)..
0x0116ed48: 0016ed88 00000000 04588430 00000006 ........0.X.....
0x0116ed58: 000000fe 0116ed6c 00000006 00000000 ....l...........
0x0116ed68: 1001bc54 00000000 00000080 0116ed88 T...............
0x0116ed78: 1011089f 043e0000 00000000 09faa070 ......>.....p...
0x0116ed88: 0116ef50 1001cbd0 04588430 00000000 P.......0.X.....
0x0116ed98: 00000000 00000000 00000000 00000000 ................
0x0116eda8: 00000000 00000000 09fee130 00000000 ........0.......
0x0116edb8: 00000000 00000000 00000000 00000000 ................
0x0116edc8: 00000000 00000000 09d103a8 09fd3e90 .............>..
0x0116edd8: 060000d0 0116ede8 09fee290 04588430 ............0.X.
0x0116ede8: 00000000 09d103a2 09fd3c00 04588430 .........<..0.X.
0x0116edf8: 09fee130 00000000 09fd3ea8 09faf610 0........>......
0x0116ee08: 09d1039d 09fee290 00000000 10018d29 ............)...
0x0116ee18: 09fd3e70 09fd3e70 00000000 00000000 p>..p>..........
0x0116ee28: 09f629e8 0116ee38 10082e86 04588430 .)..8.......0.X.
0x0116ee38: 0116ef5c 10050371 04588430 0116efa0 \...q...0.X.....
0x0116ee48: 00000018 0000000c 043e0000 04588430 ..........>.0.X.
0x0116ee58: 0000009f 1005040a 00000000 00000000 ................
0x0116ee68: 012a07d0 00000018 00000000 09fc3878 ..*.........x8..
0x0116ee78: 0a0473e4 09d5dd31 012a0000 012a0000 .s..1.....*...*.
0x0116ee88: 0a047320 00000011 0a0473e0 0000054d  s.......s..M...
0x0116ee98: 012a08fc 04588430 00000020 00000000 ..*.0.X. .......
0x0116eea8: 09fd3e90 04588430 101e8020 0116eec0 .>..0.X. .......
0x0116eeb8: 10036ff0 045887a0 0116eee0 100378f1 .o....X......x..
0x0116eec8: 04588430 04588958 00000018 04588430 0.X.X.X.....0.X.
0x0116eed8: 09d1039c 0000002e 0116ef18 10055aa6 .............Z..
0x0116eee8: 04588430 00000008 04588430 09fd3c00 0.X.....0.X..<..
0x0116eef8: 101e8020 0116ef14 100eb0ea b0bbf230  ...........0...
0x0116ef08: 0116ef8c 100c5bfe 09faf610 09fd3c00 .....[.......<..
0x0116ef18: 09fedfc0 09fee060 09fedf80 0a04f148 ....`.......H...
0x0116ef28: 09fe3f30 0000002f 00000000 09fe2720 0?../....... '..
0x0116ef38: 000000a0 09fe2720 000000a0 00000000 .... '..........
0x0116ef48: 09faf610 00000000 00000000 00000000 ................
0x0116ef58: 09f631f0 09fe31e8 09fe2a80 09fe2b48 .1...1...*..H+..
0x0116ef68: 09d0f448 00000149 09fe2cc0 00000000 H...I....,......
0x0116ef78: 0000002f 00000000 09faf610 09fedfc0 /...............
0x0116ef88: 09fee060 0116f2e8 100d1375 09fedf80 `.......u.......
0x0116ef98: 09fd3c00 09fd3e80 09fe3f30 09d0f477 .<...>..0?..w...
0x0116efa8: 0000002f 0a04f148 00000000 00000000 /...H...........
0x0116efb8: 09faf610 09f631f0 0a05b200 0a05b208 .....1..........
0x0116efc8: 000007b7 00000001 ee0000ee 0a053220 ............ 2..
0x0116efd8: 00000000 0001d098 00000000 ee0000ee ................
0x0116efe8: 00000017 000004ff 00000737 043e40a8 ........7....@>.
0x0116eff8: 00000000 00000003 02000002 775074a0 .............tPw
0x0116f008: b00007b7 fffffffe 00000018 0000000c ................
0x0116f018: 043e0000 000007ff 043e41b0 00000019 ..>......A>.....
0x0116f028: 043e0000 000007b7 012a07d0 00000018 ..>.......*.....
0x0116f038: 00000001 09fc3878 0a0473e4 00000001 ....x8...s......
0x0116f048: 012a0000 012a0000 00000000 09fe31f0 ..*...*......1..
0x0116f058: 09f631f0 00000000 012a08fc 045edee0 .1........*...^.
0x0116f068: 00000000 00000000 00000000 012a033c ............<.*.
0x0116f078: 00000000 09fe31e8 045ee2f0 00000000 .....1....^.....
0x0116f088: 00001008 00001000 043e0000 09fd3c00 ..........>..<..
0x0116f098: 09fe2a80 00000000 00000000 00000000 .*..............
0x0116f0a8: 09fe3290 00000001 ffffeef9 043e341a .2...........4>.
0x0116f0b8: 100182b8 04588430 00000001 b0bbedf0 ....0.X.........
0x0116f0c8: 0116f140 1001857d da0012c8 09d41bc9 @...}...........
0x0116f0d8: 09d41f39 01000020 04588430 09fe33d0 9... ...0.X..3..
0x0116f0e8: 0a04f148 09d41bc9 09d41f39 01000020 H.......9... ...
0x0116f0f8: 08000008 00000000 00000000 00000000 ................
0x0116f108: c00000c0 00000000 043e0000 774b10e9 ..........>...Kw
0x0116f118: da0012c8 000007ff 043e0000 0a0589a0 ..........>.....
0x0116f128: 003e40d4 00000003 043e0000 00000371 .@>.......>.q...
0x0116f138: 000001c1 000007ff 0116f218 00000e08 ................
0x0116f148: 04588430 00000020 00000001 0116f290 0.X. ...........
0x0116f158: 00000000 045880d8 00000000 0116f170 ......X.....p...
0x0116f168: 10082e86 000001c1 04588430 00000000 ........0.X.....
0x0116f178: 00000000 00000000 00000001 00000000 ................
0x0116f188: 00000000 00000000 00000000 00000000 ................
0x0116f198: 00000000 0a053228 00000504 00000000 ....(2..........
0x0116f1a8: 0000008a 00000000 09d0f591 09fd3b60 ............`;..
0x0116f1b8: 00000000 09c82d78 09fe3f30 043e46c0 ....x-..0?...F>.
0x0116f1c8: 00000000 09d0f47c 09f631f0 09fd3e80 ....|....1...>..
0x0116f1d8: 09fe3490 00000000 09fd3c00 09faf610 .4.......<......
0x0116f1e8: 09d0f477 09fe3f30 00000000 00000e08 w...0?..........
0x0116f1f8: 043e46c0 0116f214 00000000 09faf610 .F>.............
0x0116f208: 00000e00 09faf610 0a050330 00000003 ........0.......
0x0116f218: 043e40a8 00000002 00000000 00000e08 .@>.............
0x0116f228: 00000000 00000108 012a1048 00000001 ........H.*.....
0x0116f238: 0116f2c0 774b10e9 00000088 00000008 ......Kw........
0x0116f248: fffff7ff 00000088 09f631f0 1019f254 .........1..T...
0x0116f258: 09c83700 00000002 00000012 043e2dc8 .7...........->.
0x0116f268: 00000000 00000090 00000078 00000008 ........x.......
0x0116f278: 09fe2ac8 10049f2f 09fe2ac8 0116f29c .*../....*......
0x0116f288: 100b84ec 0116f29c 100e89a7 1019f248 ............H...
0x0116f298: 1019f248 0116f2c4 100f873d 00060000 H.......=.......
0x0116f2a8: 00000010 09f94700 09f631f0 00000001 .....G...1......
0x0116f2b8: 00000000 00000000 00000004 0116f2d8 ................
0x0116f2c8: 100f8a70 00000000 09f94700 09faf610 p........G......
0x0116f2d8: 0116f2f4 100f943d 00000000 b0bbefd0 ....=...........
0x0116f2e8: 0116f340 100eee6b 09faf610 09f631f0 @...k........1..
0x0116f2f8: 00000000 00000000 00000000 00000000 ................
0x0116f308: 00000000 00000000 00000000 00002000 ............. ..
0x0116f318: 00000000 00000000 101f4428 09c65aa8 ........(D...Z..
0x0116f328: 00000000 00000010 09f631f0 09fc3868 .........1..h8..
0x0116f338: 09f631f0 00000000 0116f388 100efcb8 .1..............
0x0116f348: 09f631f0 03d169ff 042f4e70 09fd3b60 .1...i..pN/.`;..
0x0116f358: 00000000 00000000 101e8020 09f631f0 ........ ....1..
0x0116f368: 101b75bc 00000000 042f4f08 00000000 .u.......O/.....
0x0116f378: 101b75bc 0116f394 1003840b 00000000 .u..............
0x0116f388: 0116f3bc 100f0213 09f631f0 042f4e70 .........1..pN/.
0x0116f398: 03d169ff 0116f3e0 09f631f0 0a044ae0 .i.......1...J..
0x0116f3a8: 045006c0 00000000 00000000 042f4e70 ..P.........pN/.
0x0116f3b8: 042f4e70 0116f3e4 100f03dc 03d169ff pN/..........i..
0x0116f3c8: 0116f3e0 00010000 00000003 09f631f0 .............1..
0x0116f3d8: 09c65aa8 042f4e70 00000000 0116f408 .Z..pN/.........
0x0116f3e8: 1005d7cb 09f631f0 043049c0 0116f500 .....1...I0.....
0x0116f3f8: 0116f480 0116f480 0116f490 00000003 ................
0x0116f408: 0116f420 0019410e 09f631f0 043049c0  ....A...1...I0.
0x0116f418: 0116f500 0116f480 0116f460 0023d089 ........`.....#.
0x0116f428: 09f631f0 0adefb01 043049c0 0116f4b0 .1.......I0.....
0x0116f438: 0116f480 043049c0 0116f490 09f94700 .....I0......G..
0x0116f448: 0116f460 09f631f0 0116f490 00000003 `....1..........
0x0116f458: 043049c0 09f94700 0116f470 0023d0fe .I0..G..p.....#.
0x0116f468: 0116f480 00000000 0116f484 0023d13c ............<.#.
0x0116f478: 0116f480 043049c0 00000000 0116f558 .....I0.....X...
0x0116f488: 001831e2 07adac30 00c09e7c 09f631f0 .1..0...|....1..
0x0116f498: 0adefb01 043049c0 00002be8 00000000 .....I0..+......
0x0116f4a8: 00000101 00000000 00000000 00000000 ................
0x0116f4b8: 00000000 00000000 00000000 00000000 ................
0x0116f4c8: 00000000 00000000 00000000 00000000 ................
0x0116f4d8: 00000000 00000000 00000000 00000000 ................
0x0116f4e8: 00000000 00000000 00000000 00000000 ................
0x0116f4f8: 00000000 00000000 00000000 00000000 ................
0x0116f508: 00000000 00000000 00000000 00000000 ................
0x0116f518: 00000000 00000000 00000000 00000000 ................
0x0116f528: 00000000 00000000 00000000 00000000 ................
0x0116f538: 00000000 00000000 00000000 00000000 ................
0x0116f548: 00000000 00000000 00000000 00163e37 ............7>..
0x0116f558: 0116f574 001833c9 09f631f0 0adefb01 t....3...1......
0x0116f568: 07adac30 ffffff9c 0adefb01 0116f58c 0...............
0x0116f578: 001856e8 043049c0 07adac30 00163467 .V...I0.0...g4..
0x0116f588: 07adac30 0116f5b0 001838dc 00000003 0........8......
0x0116f598: 00000003 00000090 0d68cb30 00000c86 ........0.h.....
0x0116f5a8: ffffffff 0116f5e0 0116f5e0 0025395b ............[9%.
0x0116f5b8: 00000003 00000091 0d68cb20 0d68d1ec ........ .h...h.
0x0116f5c8: 03473f50 0dd66470 0dd68040 03473f50 P?G.pd..@...P?G.
0x0116f5d8: 0dd68040 0dd68040 0116f618 00253b2d @...@.......-;%.
0x0116f5e8: 0d68cb20 00002be8 00000003 0d68cb20  .h..+...... .h.
0x0116f5f8: 00000011 00000091 00252c60 00e243d0 ........`,%..C..
0x0116f608: 00000014 03ab5bf4 00000001 03ab5c74 .....[......t\..
0x0116f618: 0116f62c 00216178 00c06921 03ab5bf4 ,...xa!.!i...[..
0x0116f628: 00000000 0116f668 0021634f 0116f64c ....h...Oc!.L...
0x0116f638: 03ab5bf4 00000002 0348f8b0 03ab5b20 .[........H. [..
0x0116f648: 00000001 6e69616d 61746144 00000000 ....mainData....
0x0116f658: 0116f698 00000008 0000000f 0348f8b0 ..............H.
0x0116f668: 0116f698 0020708e 03ab5bf4 03ab5b20 .....p ..[.. [..
0x0116f678: 0020690d 00000010 0348f8b0 00000001 .i .......H.....
0x0116f688: 6c8a8755 00000020 00000001 0116f6b4 U..l ...........
0x0116f698: 0116f6b4 00206995 00000000 00000010 .....i .........
0x0116f6a8: 03ab5b20 00000000 00000001 0116f790  [..............
0x0116f6b8: 00204013 7725e463 00000000 00000000 .@ .c.%w........
0x0116f6c8: 00000000 00000059 00000000 00000000 ....Y...........
0x0116f6d8: 00000000 00000059 00000000 00000000 ....Y...........
0x0116f6e8: 00000000 00000059 00000000 00000000 ....Y...........
0x0116f6f8: 00000000 00000059 00000000 00000000 ....Y...........
0x0116f708: 00000000 00000059 00000000 00000000 ....Y...........
0x0116f718: 00000000 00000059 00000000 00000000 ....Y...........
0x0116f728: 00000000 00000059 00000000 00000000 ....Y...........
0x0116f738: 00000000 00000059 00000000 00000000 ....Y...........
0x0116f748: 00000000 00000059 00000000 00000000 ....Y...........
0x0116f758: 6e696100 61746144 00000000 00000000 .ainData........
0x0116f768: 00000000 0000000f 0116f78c 034b4600 .............FK.
0x0116f778: 0116f784 7725e463 00000000 00000000 ....c.%w........
0x0116f788: 0000000f 0116f7c0 0116f7c0 0029a989 ..............).
0x0116f798: 00000010 00000000 000801ce 000000ff ................
0x0116f7a8: 00000001 00320469 03b41db6 00000506 ....i.2.........
0x0116f7b8: 0000033f 000005ec 0116f8f4 0029c3a0 ?.............).
0x0116f7c8: 00608e32 00000000 fef5f000 03483ac0 2.`..........:H.
0x0116f7d8: 01c0003f 000001ff 00000000 00000021 ?...........!...
0x0116f7e8: 0000002f 00001fff 03483a90 013624c0 /........:H..$6.
0x0116f7f8: 00d4a720 7fffffff 00000026 0000002f  .......&.../...
0x0116f808: 013624c0 00d4a720 0000000f 0000000f .$6. ...........
0x0116f818: 7fffffff 00000000 00df5908 013619e8 .........Y....6.
0x0116f828: 0000000f 0116f800 0116f860 00623e99 ........`....>b.
0x0116f838: 013624c0 00d4a720 0000000f 03483bb0 .$6. ........;H.
0x0116f848: 7fffffff 00000000 00df5908 00000027 .........Y..'...
0x0116f858: 0000002f 0116f800 03477830 0061331c /.......0xG..3a.
0x0116f868: 013624c0 00d4a720 00000018 0000001f .$6. ...........
0x0116f878: 00000004 616e614d 00646567 013619e8 ....Managed...6.
0x0116f888: 756e6547 00000007 0000000f 00000000 Genu............
0x0116f898: 033573f0 03473a90 03473ac8 03473ac8 .s5..:G..:G..:G.
0x0116f8a8: 0116f8d8 72637300 696e6565 6c640064 .....screenid.dl
0x0116f8b8: 0060006c 00000000 0000000f 0116f8e4 l.`.............
0x0116f8c8: 00000000 0116f8e4 00603917 01453ab8 .........9`..:E.
0x0116f8d8: 00000000 0000000f 00000000 00000000 ................
0x0116f8e8: 033573f0 00000000 03357430 0116f90c .s5.....0t5.....
0x0116f8f8: 005d1d98 00040000 00000000 01453aba ..]..........:E.
0x0116f908: 00000001 0116f99c 00608ddf 00040000 ..........`.....
0x0116f918: 00000000 01453aba 00000001 10f77eff .....:E......~..
0x0116f928: 00608e32 75ae9191 fef5f000 00000044 2.`....u....D...
0x0116f938: 01451e9e 01451e7e 01451e4e 00000000 ..E.~.E.N.E.....
0x0116f948: 00000000 00000000 00000000 00000000 ................
0x0116f958: 00000000 00000000 00000401 00000001 ................
0x0116f968: 00000000 00000000 006e03a5 00000000 ..........n.....
0x0116f978: c0000005 75ae9191 00000000 0116f924 .......u....$...
0x0116f988: 0116e3d4 0116f9e0 0060aa00 1138282b ..........`.+(8.
0x0116f998: 00000000 0116f9a8 75ae919f fef5f000 ...........u....
0x0116f9a8: 0116f9f0 774cad1f fef5f000 d7ff3a35 ......Lw....5:..
0x0116f9b8: 00000000 00000000 fef5f000 c0000005 ................
0x0116f9c8: 754e9cab ffffe001 0116e3b4 d7ff3a35 ..Nu........5:..
0x0116f9d8: 0116f9b4 0116e3b4 0116f9f8 775074a0 .............tPw
0x0116f9e8: a1a56ef5 00000000 0116fa00 774cacea .n............Lw
0x0116f9f8: ffffffff 774b0211 00000000 00000000 ......Kw........
0x0116fa08: 00608e32 fef5f000 00000000 00000000 2.`.............
0x0116fa18: 00000000 00000000 00000000 00000000 ................
0x0116fa28: 00000000 00000000 00000000 00000000 ................
0x0116fa38: 00000000 00000000 00000000 00000000 ................
0x0116fa48: 00000000 00000000 00000000 00000000 ................
0x0116fa58: 00000000 00000000 00000000 00000000 ................
0x0116fa68: 00000000 00000000 00000000 00000000 ................
0x0116fa78: 00000000 00000000 00000000 00000000 ................
0x0116fa88: 00000000 00000000 00000000 00000000 ................
0x0116fa98: 00000000 00000000 00000000 00000000 ................
0x0116faa8: 00000000 00000000 00000000 00000000 ................
0x0116fab8: 00000000 00000000 00000000 00000000 ................
0x0116fac8: 00000000 00000000 00000000 00000000 ................
0x0116fad8: 00000000 00000000 00000000 00000000 ................
0x0116fae8: 00000000 00000000 00000000 00000000 ................
0x0116faf8: 00000000 00000000 00000000 00000000 ................
0x0116fb08: 00000000 00000000 00000000 00000000 ................
0x0116fb18: 00000000 00000000 00000000 00000000 ................
0x0116fb28: 00000000 00000000 00000000 00000000 ................
0x0116fb38: 00000000 00000000 00000000 00000000 ................
0x0116fb48: 00000000 00000000 00000000 00000000 ................
0x0116fb58: 00000000 00000000 00000000 00000000 ................
0x0116fb68: 00000000 00000000 00000000 00000000 ................
0x0116fb78: 00000000 00000000 00000000 00000000 ................
0x0116fb88: 00000000 00000000 00000000 00000000 ................
0x0116fb98: 00000000 00000000 00000000 00000000 ................
0x0116fba8: 00000000 00000000 00000000 00000000 ................
0x0116fbb8: 00000000 00000000 00000000 00000000 ................
0x0116fbc8: 00000000 00000000 00000000 00000000 ................
0x0116fbd8: 00000000 00000000 00000000 00000000 ................
0x0116fbe8: 00000000 00000000 00000000 00000000 ................
0x0116fbf8: 00000000 00000000 00000000 00000000 ................
0x0116fc08: 00000000 00000000 00000000 00000000 ................
0x0116fc18: 00000000 00000000 00000000 00000000 ................
0x0116fc28: 00000000 00000000 00000000 00000000 ................
0x0116fc38: 00000000 00000000 00000000 00000000 ................
0x0116fc48: 00000000 00000000 00000000 00000000 ................
0x0116fc58: 00000000 00000000 00000000 00000000 ................
0x0116fc68: 00000000 00000000 00000000 00000000 ................
0x0116fc78: 00000000 00000000 00000000 00000000 ................
0x0116fc88: 00000000 00000000 00000000 00000000 ................
0x0116fc98: 00000000 00000000 00000000 00000000 ................
0x0116fca8: 00000000 00000000 00000000 00000000 ................
0x0116fcb8: 00000000 00000000 00000000 00000000 ................
0x0116fcc8: 00000000 00000000 00000000 00000000 ................
0x0116fcd8: 00000000 00000000 00000000 00000000 ................
0x0116fce8: 00000000 00000000 00000000 00000000 ................
0x0116fcf8: 00000000 00000000 00000000 00000000 ................
0x0116fd08: 00000000 00000000 00000000 00000000 ................
0x0116fd18: 00000000 00000000 00000000 00000000 ................
0x0116fd28: 00000000 00000000 00000000 00000000 ................
0x0116fd38: 00000000 00000000 00000000 00000000 ................
0x0116fd48: 00000000 00000000 00000000 00000000 ................
0x0116fd58: 00000000 00000000 00000000 00000000 ................
0x0116fd68: 00000000 00000000 00000000 00000000 ................
0x0116fd78: 00000000 00000000 00000000 00000000 ................
0x0116fd88: 00000000 00000000 00000000 00000000 ................
0x0116fd98: 00000000 00000000 00000000 00000000 ................
0x0116fda8: 00000000 00000000 00000000 00000000 ................
0x0116fdb8: 00000000 00000000 00000000 00000000 ................
0x0116fdc8: 00000000 00000000 00000000 00000000 ................
0x0116fdd8: 00000000 00000000 00000000 00000000 ................
0x0116fde8: 00000000 00000000 00000000 00000000 ................
0x0116fdf8: 00000000 00000000 00000000 00000000 ................
0x0116fe08: 00000000 00000000 00000000 00000000 ................
0x0116fe18: 00000000 00000000 00000000 00000000 ................
0x0116fe28: 00000000 00000000 00000000 00000000 ................
0x0116fe38: 00000000 00000000 00000000 00000000 ................
0x0116fe48: 00000000 00000000 00000000 00000000 ................
0x0116fe58: 00000000 00000000 00000000 00000000 ................
0x0116fe68: 00000000 00000000 00000000 00000000 ................
0x0116fe78: 00000000 00000000 00000000 00000000 ................
0x0116fe88: 00000000 00000000 00000000 00000000 ................
0x0116fe98: 00000000 00000000 00000000 00000000 ................
0x0116fea8: 00000000 00000000 00000000 00000000 ................
0x0116feb8: 00000000 00000000 00000000 00000000 ................
0x0116fec8: 00000000 00000000 00000000 00000000 ................
0x0116fed8: 00000000 00000000 00000000 00000000 ................
0x0116fee8: 00000000 00000000 00000000 00000000 ................
0x0116fef8: 00000000 00000000 00000000 00000000 ................
0x0116ff08: 00000000 00000000 00000000 00000000 ................
0x0116ff18: 00000000 00000000 00000000 00000000 ................
0x0116ff28: 00000000 00000000 00000000 00000000 ................
0x0116ff38: 00000000 00000000 00000000 00000000 ................
0x0116ff48: 00000000 00000000 00000000 00000000 ................
0x0116ff58: 00000000 00000000 00000000 00000000 ................
0x0116ff68: 00000000 00000000 00000000 00000000 ................
0x0116ff78: 00000000 00000000 00000000 00000000 ................
0x0116ff88: 00000000 00000000 00000000 00000000 ................
0x0116ff98: 00000000 00000000 00000000 00000000 ................
0x0116ffa8: 00000000 00000000 00000000 00000000 ................
0x0116ffb8: 00000000 00000000 00000000 00000000 ................
0x0116ffc8: 00000000 00000000 00000000 00000000 ................
0x0116ffd8: 00000000 00000000 00000000 00000000 ................
0x0116ffe8: 00000000 00000000 00000000 00000000 ................
0x0116fff8: 00000000 00000000                   ........

Module 1
C:\UNITY\TDVR\TD VR.exe
Image Base: 0x00040000  Image Size: 0x00fa9000
File Size:  15651616    File Time:  2015-05-01_140002
Version:
   Company:    
   Product:    
   FileDesc:   
   FileVer:    5.0.0.39095
   ProdVer:    5.0.0.39095

Module 2
C:\Windows\SYSTEM32\nvumdshim.dll
Image Base: 0x692b0000  Image Size: 0x000dd000
File Size:  871648      File Time:  2014-11-13_022036
Version:
   Company:    NVIDIA Corporation
   Product:    NVIDIA D3D shim drivers
   FileDesc:   NVIDIA D3D Shim Driver, Version 344.75 
   FileVer:    9.18.13.4475
   ProdVer:    9.18.13.4475

Module 3
C:\Windows\system32\nvspcap.dll
Image Base: 0x10000000  Image Size: 0x0021c000
File Size:  2210040     File Time:  2014-12-13_021226
Version:
   Company:    NVIDIA Corporation
   Product:    NVIDIA GeForce Experience
   FileDesc:   NVIDIA Capture Server Proxy
   FileVer:    16.18.9.0
   ProdVer:    16.18.9.0

Module 4
C:\Windows\SYSTEM32\xinput1_3.dll
Image Base: 0x00400000  Image Size: 0x00016000
File Size:  81768       File Time:  2007-04-04_195342
Version:
   Company:    Microsoft Corporation
   Product:    Microsoft® DirectX for Windows®
   FileDesc:   Microsoft Common Controller API
   FileVer:    9.18.944.0
   ProdVer:    9.18.944.0

Module 5
C:\Program Files (x86)\NVIDIA Corporation\CoProcManager\detoured.dll
Image Base: 0x0f000000  Image Size: 0x00006000
File Size:  10952       File Time:  2014-11-13_022036
Version:
   Company:    
   Product:    
   FileDesc:   
   FileVer:    0.0.0.0
   ProdVer:    0.0.0.0

Module 6
C:\UNITY\TDVR\TD VR_Data\Mono\mono.dll
Image Base: 0x10000000  Image Size: 0x0022f000
File Size:  2102784     File Time:  2015-02-24_182944
Version:
   Company:    
   Product:    
   FileDesc:   
   FileVer:    0.0.0.0
   ProdVer:    0.0.0.0

Module 7
C:\Windows\system32\nvwgf2um.dll
Image Base: 0x64f60000  Image Size: 0x0119c000
File Size:  18514616    File Time:  2014-11-13_022036
Version:
   Company:    NVIDIA Corporation
   Product:    NVIDIA D3D10 drivers
   FileDesc:   NVIDIA D3D10 Driver, Version 344.75 
   FileVer:    9.18.13.4475
   ProdVer:    9.18.13.4475

Module 8
C:\Windows\SYSTEM32\ksuser.dll
Image Base: 0x66260000  Image Size: 0x00007000
File Size:  18616       File Time:  2013-08-22_071914
Version:
   Company:    Microsoft Corporation
   Product:    Microsoft® Windows® Operating System
   FileDesc:   User CSA Library
   FileVer:    6.3.9600.16384
   ProdVer:    6.3.9600.16384

Module 9
C:\UNITY\TDVR\TD VR_Data\Plugins\OculusPlugin.dll
Image Base: 0x66c00000  Image Size: 0x0009c000
File Size:  609792      File Time:  2014-11-07_235506
Version:
   Company:    
   Product:    
   FileDesc:   
   FileVer:    0.0.0.0
   ProdVer:    0.0.0.0

Module 10
C:\Windows\SYSTEM32\dsound.dll
Image Base: 0x66ca0000  Image Size: 0x00079000
File Size:  485888      File Time:  2013-08-22_055040
Version:
   Company:    Microsoft Corporation
   Product:    Besturingssysteem Microsoft® Windows®
   FileDesc:   DirectSound
   FileVer:    6.3.9600.16384
   ProdVer:    6.3.9600.16384

Module 11
C:\Windows\SYSTEM32\midimap.dll
Image Base: 0x66d20000  Image Size: 0x00008000
File Size:  18944       File Time:  2013-08-22_060412
Version:
   Company:    Microsoft Corporation
   Product:    Microsoft® Windows® Operating System
   FileDesc:   Microsoft MIDI Mapper
   FileVer:    6.3.9600.16384
   ProdVer:    6.3.9600.16384

Module 12
C:\Windows\SYSTEM32\msacm32.drv
Image Base: 0x66d30000  Image Size: 0x00009000
File Size:  22016       File Time:  2013-08-22_055914
Version:
   Company:    Microsoft Corporation
   Product:    Besturingssysteem Microsoft® Windows®
   FileDesc:   Microsoft-geluidstoewijzing
   FileVer:    6.3.9600.16384
   ProdVer:    6.3.9600.16384

Module 13
C:\Windows\SYSTEM32\wdmaud.drv
Image Base: 0x66d40000  Image Size: 0x00034000
File Size:  187392      File Time:  2013-08-22_043626
Version:
   Company:    Microsoft Corporation
   Product:    Besturingssysteem Microsoft® Windows®
   FileDesc:   Winmm-audiosysteemsturprogramma
   FileVer:    6.3.9600.16384
   ProdVer:    6.3.9600.16384

Module 14
C:\Windows\SYSTEM32\MSACM32.dll
Image Base: 0x66d80000  Image Size: 0x00015000
File Size:  86192       File Time:  2013-08-22_071924
Version:
   Company:    Microsoft Corporation
   Product:    Besturingssysteem Microsoft® Windows®
   FileDesc:   Audiofilter voor Microsoft Audiocompressiebeheer
   FileVer:    6.3.9600.16384
   ProdVer:    6.3.9600.16384

Module 15
C:\Windows\SYSTEM32\DCIMAN32.dll
Image Base: 0x678d0000  Image Size: 0x00007000
File Size:  11776       File Time:  2014-10-29_040002
Version:
   Company:    Microsoft Corporation
   Product:    Microsoft® Windows® Operating System
   FileDesc:   DCI Manager
   FileVer:    6.3.9600.17415
   ProdVer:    6.3.9600.17415

Module 16
C:\Windows\SYSTEM32\DDRAW.dll
Image Base: 0x67940000  Image Size: 0x000e7000
File Size:  527872      File Time:  2013-08-22_043332
Version:
   Company:    Microsoft Corporation
   Product:    Besturingssysteem Microsoft® Windows®
   FileDesc:   Microsoft DirectDraw
   FileVer:    6.3.9600.16384
   ProdVer:    6.3.9600.16384

Module 17
C:\Windows\SYSTEM32\GLU32.dll
Image Base: 0x67a30000  Image Size: 0x00024000
File Size:  136704      File Time:  2013-08-22_060600
Version:
   Company:    Microsoft Corporation
   Product:    Besturingssysteem Microsoft® Windows®
   FileDesc:   DLL-bestand voor hulpprogrammabibliotheek voor OpenGL
   FileVer:    6.3.9600.16384
   ProdVer:    6.3.9600.16384

Module 18
C:\Windows\SYSTEM32\OPENGL32.dll
Image Base: 0x67a90000  Image Size: 0x000d4000
File Size:  737280      File Time:  2013-08-22_060322
Version:
   Company:    Microsoft Corporation
   Product:    Microsoft® Windows® Operating System
   FileDesc:   OpenGL Client DLL
   FileVer:    6.3.9600.16384
   ProdVer:    6.3.9600.16384

Module 19
C:\Windows\SYSTEM32\igdusc32.dll
Image Base: 0x682a0000  Image Size: 0x00361000
File Size:  3523072     File Time:  2013-10-01_140232
Version:
   Company:    Intel Corporation
   Product:    Intel Graphics Accelerator Drivers for Windows 7(R)
   FileDesc:   Unified Shader Compiler for Intel(R) Graphics Accelerator
   FileVer:    8.15.10.9141
   ProdVer:    8.15.10.9141

Module 20
C:\Windows\system32\igd10iumd32.dll
Image Base: 0x68610000  Image Size: 0x00c99000
File Size:  13153792    File Time:  2013-10-01_140224
Version:
   Company:    Intel Corporation
   Product:    Intel HD Graphics Drivers for Windows 8(R)
   FileDesc:   User Mode Driver for Intel(R) Graphics Technology
   FileVer:    10.18.10.3308
   ProdVer:    10.18.10.3308

Module 21
C:\Windows\SYSTEM32\d3d11.dll
Image Base: 0x69390000  Image Size: 0x001af000
File Size:  1779800     File Time:  2014-03-06_131314
Version:
   Company:    Microsoft Corporation
   Product:    Microsoft® Windows® Operating System
   FileDesc:   Direct3D 11 Runtime
   FileVer:    6.3.9600.17041
   ProdVer:    6.3.9600.17041

Module 22
C:\Windows\SYSTEM32\dxgi.dll
Image Base: 0x69540000  Image Size: 0x00062000
File Size:  406400      File Time:  2014-06-13_021046
Version:
   Company:    Microsoft Corporation
   Product:    Microsoft® Windows® Operating System
   FileDesc:   DirectX Graphics Infrastructure
   FileVer:    6.3.9600.17201
   ProdVer:    6.3.9600.17201

Module 23
C:\Windows\SYSTEM32\HID.DLL
Image Base: 0x6ecd0000  Image Size: 0x0000a000
File Size:  25600       File Time:  2013-08-22_045446
Version:
   Company:    Microsoft Corporation
   Product:    Besturingssysteem Microsoft® Windows®
   FileDesc:   Hid-gebruikersbibliotheek
   FileVer:    6.3.9600.16384
   ProdVer:    6.3.9600.16384

Module 24
C:\Windows\SYSTEM32\AVRT.dll
Image Base: 0x6ede0000  Image Size: 0x00009000
File Size:  30464       File Time:  2013-08-22_072500
Version:
   Company:    Microsoft Corporation
   Product:    Microsoft® Windows® Operating System
   FileDesc:   Multimedia Realtime Runtime
   FileVer:    6.3.9600.16384
   ProdVer:    6.3.9600.16384

Module 25
C:\Windows\SYSTEM32\AUDIOSES.DLL
Image Base: 0x6eef0000  Image Size: 0x00060000
File Size:  370424      File Time:  2014-10-29_050710
Version:
   Company:    Microsoft Corporation
   Product:    Besturingssysteem Microsoft® Windows®
   FileDesc:   Audiosessie
   FileVer:    6.3.9600.17415
   ProdVer:    6.3.9600.17415

Module 26
C:\Windows\SYSTEM32\MMDevAPI.DLL
Image Base: 0x6ef80000  Image Size: 0x0004a000
File Size:  296448      File Time:  2014-03-18_173018
Version:
   Company:    Microsoft Corporation
   Product:    Besturingssysteem Microsoft® Windows®
   FileDesc:   API voor multimedia-apparaat
   FileVer:    6.3.9600.17031
   ProdVer:    6.3.9600.17031

Module 27
C:\Windows\system32\dwmapi.dll
Image Base: 0x6efd0000  Image Size: 0x00018000
File Size:  98048       File Time:  2014-07-24_155008
Version:
   Company:    Microsoft Corporation
   Product:    Besturingssysteem Microsoft® Windows®
   FileDesc:   API voor Beheer van bureaubladvensters van Microsoft
   FileVer:    6.3.9600.17238
   ProdVer:    6.3.9600.17238

Module 28
C:\Windows\SYSTEM32\WINMMBASE.dll
Image Base: 0x6eff0000  Image Size: 0x00020000
File Size:  127544      File Time:  2014-03-25_032048
Version:
   Company:    Microsoft Corporation
   Product:    Microsoft® Windows® Operating System
   FileDesc:   Base Multimedia Extension API DLL
   FileVer:    6.3.9600.17080
   ProdVer:    6.3.9600.17080

Module 29
C:\Windows\SYSTEM32\WINMM.dll
Image Base: 0x6f010000  Image Size: 0x00020000
File Size:  128568      File Time:  2014-03-25_032046
Version:
   Company:    Microsoft Corporation
   Product:    Besturingssysteem Microsoft® Windows®
   FileDesc:   MCI API DLL
   FileVer:    6.3.9600.17078
   ProdVer:    6.3.9600.17078

Module 30
C:\Windows\SYSTEM32\NTASN1.dll
Image Base: 0x6f750000  Image Size: 0x0002b000
File Size:  171472      File Time:  2013-08-22_072932
Version:
   Company:    Microsoft Corporation
   Product:    Microsoft® Windows® Operating System
   FileDesc:   Microsoft ASN.1 API
   FileVer:    6.3.9600.16384
   ProdVer:    6.3.9600.16384

Module 31
C:\Windows\SYSTEM32\ncrypt.dll
Image Base: 0x6f780000  Image Size: 0x0001c000
File Size:  113072      File Time:  2013-08-22_072930
Version:
   Company:    Microsoft Corporation
   Product:    Besturingssysteem Microsoft® Windows®
   FileDesc:   Windows NCrypt Router
   FileVer:    6.3.9600.16384
   ProdVer:    6.3.9600.16384

Module 32
C:\Windows\system32\apphelp.dll
Image Base: 0x6fc20000  Image Size: 0x00099000
File Size:  617472      File Time:  2014-03-18_173036
Version:
   Company:    Microsoft Corporation
   Product:    Besturingssysteem Microsoft® Windows®
   FileDesc:   Toepassingscompatibiliteit van de client
   FileVer:    6.3.9600.17031
   ProdVer:    6.3.9600.17031

Module 33
C:\Windows\SYSTEM32\WINHTTP.dll
Image Base: 0x700e0000  Image Size: 0x00094000
File Size:  589312      File Time:  2013-08-22_043910
Version:
   Company:    Microsoft Corporation
   Product:    Besturingssysteem Microsoft® Windows®
   FileDesc:   Windows HTTP-services
   FileVer:    6.3.9600.16384
   ProdVer:    6.3.9600.16384

Module 34
C:\Windows\SYSTEM32\DNSAPI.dll
Image Base: 0x70520000  Image Size: 0x0007c000
File Size:  494592      File Time:  2014-03-04_084242
Version:
   Company:    Microsoft Corporation
   Product:    Besturingssysteem Microsoft® Windows®
   FileDesc:   API DLL van DNS Client
   FileVer:    6.3.9600.17039
   ProdVer:    6.3.9600.17039

Module 35
C:\Windows\SYSTEM32\dbghelp.dll
Image Base: 0x72110000  Image Size: 0x00148000
File Size:  1238016     File Time:  2014-03-18_173052
Version:
   Company:    Microsoft Corporation
   Product:    Microsoft® Windows® Operating System
   FileDesc:   Windows Image Helper
   FileVer:    6.3.9600.16520
   ProdVer:    6.3.9600.16520

Module 36
C:\Windows\SYSTEM32\powrprof.dll
Image Base: 0x72c00000  Image Size: 0x0003e000
File Size:  251504      File Time:  2014-03-18_173032
Version:
   Company:    Microsoft Corporation
   Product:    Besturingssysteem Microsoft® Windows®
   FileDesc:   Helper-DLL-bestand voor energieprofiel
   FileVer:    6.3.9600.17031
   ProdVer:    6.3.9600.17031

Module 37
C:\Windows\SYSTEM32\WINNSI.DLL
Image Base: 0x72dd0000  Image Size: 0x00008000
File Size:  25824       File Time:  2013-08-22_152538
Version:
   Company:    Microsoft Corporation
   Product:    Microsoft® Windows® Operating System
   FileDesc:   Network Store Information RPC interface
   FileVer:    6.3.9600.16384
   ProdVer:    6.3.9600.16384

Module 38
C:\Windows\SYSTEM32\IPHLPAPI.DLL
Image Base: 0x72de0000  Image Size: 0x0001e000
File Size:  118776      File Time:  2013-08-22_071754
Version:
   Company:    Microsoft Corporation
   Product:    Microsoft® Windows® Operating System
   FileDesc:   IP Helper API
   FileVer:    6.3.9600.16384
   ProdVer:    6.3.9600.16384

Module 39
C:\Windows\SYSTEM32\MSWSOCK.dll
Image Base: 0x73f30000  Image Size: 0x00045000
File Size:  270848      File Time:  2013-08-22_045526
Version:
   Company:    Microsoft Corporation
   Product:    Besturingssysteem Microsoft® Windows®
   FileDesc:   Microsoft Windows Sockets 2.0 Service-aanbieder
   FileVer:    6.3.9600.16384
   ProdVer:    6.3.9600.16384

Module 40
C:\Windows\SYSTEM32\bcrypt.dll
Image Base: 0x747a0000  Image Size: 0x0001d000
File Size:  109056      File Time:  2014-03-18_173038
Version:
   Company:    Microsoft Corporation
   Product:    Besturingssysteem Microsoft® Windows®
   FileDesc:   Windows-bibliotheek van cryptografische primitieven
   FileVer:    6.3.9600.17031
   ProdVer:    6.3.9600.17031

Module 41
C:\Windows\SYSTEM32\kernel.appcore.dll
Image Base: 0x74950000  Image Size: 0x00009000
File Size:  29952       File Time:  2013-08-22_073142
Version:
   Company:    Microsoft Corporation
   Product:    Microsoft® Windows® Operating System
   FileDesc:   AppModel API Host
   FileVer:    6.3.9600.16384
   ProdVer:    6.3.9600.16384

Module 42
C:\Windows\system32\uxtheme.dll
Image Base: 0x74960000  Image Size: 0x000db000
File Size:  876544      File Time:  2014-03-18_173038
Version:
   Company:    Microsoft Corporation
   Product:    Besturingssysteem Microsoft® Windows®
   FileDesc:   DLL-bestand Microsoft UxTheme
   FileVer:    6.3.9600.17031
   ProdVer:    6.3.9600.17031

Module 43
C:\Windows\SYSTEM32\shcore.dll
Image Base: 0x74a40000  Image Size: 0x0008b000
File Size:  560392      File Time:  2015-01-23_070234
Version:
   Company:    Microsoft Corporation
   Product:    Microsoft® Windows®-besturingssysteem
   FileDesc:   SHCORE
   FileVer:    6.3.9600.17666
   ProdVer:    6.3.9600.17666

Module 44
C:\Program Files (x86)\NVIDIA Corporation\CoProcManager\nvdxgiwrap.dll
Image Base: 0x74ad0000  Image Size: 0x0001f000
File Size:  108424      File Time:  2014-11-13_022036
Version:
   Company:    NVIDIA Corporation
   Product:    NVIDIA D3D shim drivers
   FileDesc:   NVIDIA dxgiwrap dll, Version 344.75 
   FileVer:    9.18.13.4475
   ProdVer:    9.18.13.4475

Module 45
C:\Program Files (x86)\NVIDIA Corporation\CoProcManager\nvd3d9wrap.dll
Image Base: 0x74af0000  Image Size: 0x0002b000
File Size:  159400      File Time:  2014-11-13_022036
Version:
   Company:    NVIDIA Corporation
   Product:    NVIDIA D3D shim drivers
   FileDesc:   NVIDIA d3d9wrap dll, Version 344.75 
   FileVer:    9.18.13.4475
   ProdVer:    9.18.13.4475

Module 46
C:\Windows\SYSTEM32\ntmarta.dll
Image Base: 0x74bf0000  Image Size: 0x00025000
File Size:  147152      File Time:  2013-08-22_072930
Version:
   Company:    Microsoft Corporation
   Product:    Besturingssysteem Microsoft® Windows®
   FileDesc:   Windows NT MARTA-provider
   FileVer:    6.3.9600.16384
   ProdVer:    6.3.9600.16384

Module 47
C:\Windows\SYSTEM32\DEVOBJ.dll
Image Base: 0x74c20000  Image Size: 0x0001f000
File Size:  123416      File Time:  2013-08-22_073142
Version:
   Company:    Microsoft Corporation
   Product:    Microsoft® Windows® Operating System
   FileDesc:   Device Information Set DLL
   FileVer:    6.3.9600.16384
   ProdVer:    6.3.9600.16384

Module 48
C:\Windows\SYSTEM32\nvinit.dll
Image Base: 0x74c40000  Image Size: 0x0002c000
File Size:  156840      File Time:  2014-11-13_022036
Version:
   Company:    NVIDIA Corporation
   Product:    NVIDIA D3D shim drivers
   FileDesc:   NVIDIA shim initialization dll, Version 344.75 
   FileVer:    9.18.13.4475
   ProdVer:    9.18.13.4475

Module 49
C:\Windows\SYSTEM32\VERSION.dll
Image Base: 0x74cd0000  Image Size: 0x00008000
File Size:  25824       File Time:  2013-08-22_072540
Version:
   Company:    Microsoft Corporation
   Product:    Microsoft® Windows® Operating System
   FileDesc:   Version Checking and File Installation Libraries
   FileVer:    6.3.9600.16384
   ProdVer:    6.3.9600.16384

Module 50
C:\Windows\SYSTEM32\bcryptPrimitives.dll
Image Base: 0x74ce0000  Image Size: 0x00052000
File Size:  335680      File Time:  2014-05-10_104646
Version:
   Company:    Microsoft Corporation
   Product:    Microsoft® Windows® Operating System
   FileDesc:   Windows Cryptographic Primitives Library
   FileVer:    6.3.9600.17120
   ProdVer:    6.3.9600.17120

Module 51
C:\Windows\SYSTEM32\CRYPTBASE.dll
Image Base: 0x74d40000  Image Size: 0x00009000
File Size:  30472       File Time:  2013-08-22_071756
Version:
   Company:    Microsoft Corporation
   Product:    Microsoft® Windows® Operating System
   FileDesc:   Base cryptographic API DLL
   FileVer:    6.3.9600.16384
   ProdVer:    6.3.9600.16384

Module 52
C:\Windows\SYSTEM32\SspiCli.dll
Image Base: 0x74d50000  Image Size: 0x0001d000
File Size:  101376      File Time:  2014-03-18_173036
Version:
   Company:    Microsoft Corporation
   Product:    Microsoft® Windows® Operating System
   FileDesc:   Security Support Provider Interface
   FileVer:    6.3.9600.16408
   ProdVer:    6.3.9600.16408

Module 53
C:\Windows\SYSTEM32\RPCRT4.dll
Image Base: 0x74d70000  Image Size: 0x000b0000
File Size:  710144      File Time:  2014-06-20_015216
Version:
   Company:    Microsoft Corporation
   Product:    Besturingssysteem Microsoft® Windows®
   FileDesc:   Runtime voor RPC (Remote Procedure Call)
   FileVer:    6.3.9600.17216
   ProdVer:    6.3.9600.17216

Module 54
C:\Windows\SYSTEM32\combase.dll
Image Base: 0x74f10000  Image Size: 0x0014e000
File Size:  1374384     File Time:  2014-03-18_173038
Version:
   Company:    Microsoft Corporation
   Product:    Besturingssysteem Microsoft® Windows®
   FileDesc:   Microsoft COM voor Windows
   FileVer:    6.3.9600.17031
   ProdVer:    6.3.9600.17031

Module 55
C:\Windows\SYSTEM32\SHLWAPI.dll
Image Base: 0x75060000  Image Size: 0x00041000
File Size:  263872      File Time:  2013-08-22_072538
Version:
   Company:    Microsoft Corporation
   Product:    Besturingssysteem Microsoft® Windows®
   FileDesc:   Shell lichtgewicht hulpprogrammabibliotheek
   FileVer:    6.3.9600.16384
   ProdVer:    6.3.9600.16384

Module 56
C:\Windows\SYSTEM32\WINTRUST.dll
Image Base: 0x750b0000  Image Size: 0x00038000
File Size:  230808      File Time:  2014-04-03_060316
Version:
   Company:    Microsoft Corporation
   Product:    Microsoft® Windows® Operating System
   FileDesc:   Microsoft Trust Verification APIs
   FileVer:    6.3.9600.17085
   ProdVer:    6.3.9600.17085

Module 57
C:\Windows\SYSTEM32\CRYPT32.dll
Image Base: 0x750f0000  Image Size: 0x00188000
File Size:  1612992     File Time:  2014-10-31_013858
Version:
   Company:    Microsoft Corporation
   Product:    Besturingssysteem Microsoft® Windows®
   FileDesc:   Crypto-API32
   FileVer:    6.3.9600.17475
   ProdVer:    6.3.9600.17475

Module 58
C:\Windows\SYSTEM32\SETUPAPI.dll
Image Base: 0x75280000  Image Size: 0x001ad000
File Size:  1767440     File Time:  2014-03-18_173032
Version:
   Company:    Microsoft Corporation
   Product:    Besturingssysteem Microsoft® Windows®
   FileDesc:   Windows Setup API
   FileVer:    6.3.9600.17031
   ProdVer:    6.3.9600.17031

Module 59
C:\Windows\SYSTEM32\KERNELBASE.dll
Image Base: 0x75430000  Image Size: 0x000d0000
File Size:  838144      File Time:  2014-08-16_033118
Version:
   Company:    Microsoft Corporation
   Product:    Besturingssysteem Microsoft® Windows®
   FileDesc:   DLL-bestand voor Windows NT BASE API-client
   FileVer:    6.3.9600.17278
   ProdVer:    6.3.9600.17278

Module 60
C:\Windows\SYSTEM32\MSASN1.dll
Image Base: 0x75500000  Image Size: 0x0000e000
File Size:  50616       File Time:  2013-08-22_072930
Version:
   Company:    Microsoft Corporation
   Product:    Microsoft® Windows® Operating System
   FileDesc:   ASN.1 Runtime APIs
   FileVer:    6.3.9600.16384
   ProdVer:    6.3.9600.16384

Module 61
C:\Windows\SYSTEM32\GDI32.dll
Image Base: 0x75510000  Image Size: 0x00107000
File Size:  1064448     File Time:  2014-08-02_055610
Version:
   Company:    Microsoft Corporation
   Product:    Microsoft® Windows® Operating System
   FileDesc:   GDI Client DLL
   FileVer:    6.3.9600.17246
   ProdVer:    6.3.9600.17246

Module 62
C:\Windows\SYSTEM32\NSI.dll
Image Base: 0x75620000  Image Size: 0x00007000
File Size:  19640       File Time:  2013-08-22_152538
Version:
   Company:    Microsoft Corporation
   Product:    Microsoft® Windows® Operating System
   FileDesc:   NSI User-mode interface DLL
   FileVer:    6.3.9600.16384
   ProdVer:    6.3.9600.16384

Module 63
C:\Windows\SYSTEM32\MSCTF.dll
Image Base: 0x75630000  Image Size: 0x00112000
File Size:  1124352     File Time:  2015-03-14_101352
Version:
   Company:    Microsoft Corporation
   Product:    Besturingssysteem Microsoft® Windows®
   FileDesc:   DLL-bestand voor MSCTF-server
   FileVer:    6.3.9600.17706
   ProdVer:    6.3.9600.17706

Module 64
C:\Windows\SYSTEM32\clbcatq.dll
Image Base: 0x75750000  Image Size: 0x0007d000
File Size:  508680      File Time:  2013-08-22_072144
Version:
   Company:    Microsoft Corporation
   Product:    Microsoft® Windows® Operating System
   FileDesc:   COM+ Configuration Catalog
   FileVer:    2001.12.10530.16384
   ProdVer:    6.3.9600.16384

Module 65
C:\Windows\SYSTEM32\ole32.dll
Image Base: 0x757d0000  Image Size: 0x0010c000
File Size:  1095488     File Time:  2014-03-08_133454
Version:
   Company:    Microsoft Corporation
   Product:    Besturingssysteem Microsoft® Windows®
   FileDesc:   Microsoft OLE voor Windows
   FileVer:    6.3.9600.17042
   ProdVer:    6.3.9600.17042

Module 66
C:\Windows\SYSTEM32\OLEAUT32.dll
Image Base: 0x75a30000  Image Size: 0x00095000
File Size:  602776      File Time:  2014-12-19_102530
Version:
   Company:    Microsoft Corporation
   Product:    
   FileDesc:   
   FileVer:    6.3.9600.17560
   ProdVer:    6.3.9600.17560

Module 67
C:\Windows\SYSTEM32\KERNEL32.DLL
Image Base: 0x75ad0000  Image Size: 0x00140000
File Size:  1036288     File Time:  2014-03-20_015526
Version:
   Company:    Microsoft Corporation
   Product:    Besturingssysteem Microsoft® Windows®
   FileDesc:   DLL-bestand voor Windows NT BASE API-client
   FileVer:    6.3.9600.17056
   ProdVer:    6.3.9600.17056

Module 68
C:\Windows\SYSTEM32\ADVAPI32.dll
Image Base: 0x75c10000  Image Size: 0x00078000
File Size:  490136      File Time:  2014-03-18_173018
Version:
   Company:    Microsoft Corporation
   Product:    Besturingssysteem Microsoft® Windows®
   FileDesc:   Geavanceerde Windows 32 basis-API
   FileVer:    6.3.9600.17031
   ProdVer:    6.3.9600.17031

Module 69
C:\Windows\SYSTEM32\msvcrt.dll
Image Base: 0x75d40000  Image Size: 0x000be000
File Size:  780408      File Time:  2013-08-22_072104
Version:
   Company:    Microsoft Corporation
   Product:    Microsoft® Windows® Operating System
   FileDesc:   Windows NT CRT DLL
   FileVer:    7.0.9600.16384
   ProdVer:    6.1.8638.16384

Module 70
C:\Windows\SYSTEM32\IMM32.dll
Image Base: 0x75e00000  Image Size: 0x00025000
File Size:  137728      File Time:  2014-03-18_173016
Version:
   Company:    Microsoft Corporation
   Product:    Microsoft® Windows® Operating System
   FileDesc:   Multi-User Windows IMM32 API Client DLL
   FileVer:    6.3.9600.17031
   ProdVer:    6.3.9600.17031

Module 71
C:\Windows\SYSTEM32\cfgmgr32.dll
Image Base: 0x75e30000  Image Size: 0x0003a000
File Size:  237032      File Time:  2013-08-22_073142
Version:
   Company:    Microsoft Corporation
   Product:    Microsoft® Windows® Operating System
   FileDesc:   Configuration Manager DLL
   FileVer:    6.3.9600.16384
   ProdVer:    6.3.9600.16384

Module 72
C:\Windows\SYSTEM32\SHELL32.dll
Image Base: 0x75ee0000  Image Size: 0x012ac000
File Size:  19731824    File Time:  2015-02-12_193408
Version:
   Company:    Microsoft Corporation
   Product:    Besturingssysteem Microsoft® Windows®
   FileDesc:   Gemeenschappelijk DLL-bestand van Windows Shell
   FileVer:    6.3.9600.17680
   ProdVer:    6.3.9600.17680

Module 73
C:\Windows\SYSTEM32\PSAPI.DLL
Image Base: 0x77190000  Image Size: 0x00006000
File Size:  16024       File Time:  2013-08-22_073142
Version:
   Company:    Microsoft Corporation
   Product:    Microsoft® Windows® Operating System
   FileDesc:   Process Status Helper
   FileVer:    6.3.9600.16384
   ProdVer:    6.3.9600.16384

Module 74
C:\Windows\SYSTEM32\WS2_32.dll
Image Base: 0x771a0000  Image Size: 0x0004d000
File Size:  313488      File Time:  2013-08-22_071756
Version:
   Company:    Microsoft Corporation
   Product:    Besturingssysteem Microsoft® Windows®
   FileDesc:   Windows Socket 2.0 32-bits DLL-bestand
   FileVer:    6.3.9600.16384
   ProdVer:    6.3.9600.16384

Module 75
C:\Windows\SYSTEM32\sechost.dll
Image Base: 0x771f0000  Image Size: 0x00041000
File Size:  257216      File Time:  2015-03-23_234506
Version:
   Company:    Microsoft Corporation
   Product:    Microsoft® Windows® Operating System
   FileDesc:   Host for SCM/SDDL/LSA Lookup APIs
   FileVer:    6.3.9600.17734
   ProdVer:    6.3.9600.17734

Module 76
C:\Windows\SYSTEM32\USER32.dll
Image Base: 0x77240000  Image Size: 0x0014c000
File Size:  1346048     File Time:  2014-09-19_021634
Version:
   Company:    Microsoft Corporation
   Product:    Besturingssysteem Microsoft® Windows®
   FileDesc:   DLL-bestand voor Windows USER API-client (meerdere gebruikers)
   FileVer:    6.3.9600.17344
   ProdVer:    6.3.9600.17344

Module 77
C:\Windows\SYSTEM32\ntdll.dll
Image Base: 0x77470000  Image Size: 0x0016e000
File Size:  1498872     File Time:  2015-03-23_235900
Version:
   Company:    Microsoft Corporation
   Product:    Microsoft® Windows®-besturingssysteem
   FileDesc:   DLL-bestand voor NT-laag
   FileVer:    6.3.9600.17736
   ProdVer:    6.3.9600.17736


== [end of error.log] ==
